CRITICAL - 2024-03-17 02:57:04 --> Class "Locale" not found
in SYSTEMPATH\CodeIgniter.php on line 195.
 1 ROOTPATH\spark(83): CodeIgniter\CodeIgniter->initialize()
INFO - 2024-03-17 03:11:07 --> Session: Class initialized using 'CodeIgniter\Session\Handlers\FileHandler' driver.
INFO - 2024-03-17 03:11:14 --> Session: Class initialized using 'CodeIgniter\Session\Handlers\FileHandler' driver.
INFO - 2024-03-17 03:11:22 --> Session: Class initialized using 'CodeIgniter\Session\Handlers\FileHandler' driver.
CRITICAL - 2024-03-17 03:11:44 --> Attempt to read property "foto" on null
in APPPATH\Modules\Users\Controllers\Users.php on line 207.
 1 APPPATH\Modules\Users\Controllers\Users.php(207): CodeIgniter\Debug\Exceptions->errorHandler(2, 'Attempt to read property "foto" on null', 'C:\\laragon\\www\\development\\laundry\\app\\Modules\\Users\\Controllers\\Users.php', 207)
 2 SYSTEMPATH\CodeIgniter.php(932): App\Modules\Users\Controllers\Users->delete2()
 3 SYSTEMPATH\CodeIgniter.php(497): CodeIgniter\CodeIgniter->runController(Object(App\Modules\Users\Controllers\Users))
 4 SYSTEMPATH\CodeIgniter.php(366): CodeIgniter\CodeIgniter->handleRequest(null, Object(Config\Cache), false)
 5 FCPATH\index.php(67): CodeIgniter\CodeIgniter->run()
 6 SYSTEMPATH\Commands\Server\rewrite.php(47): require_once('C:\\laragon\\www\\development\\laundry\\public\\index.php')
INFO - 2024-03-17 03:12:45 --> Session: Class initialized using 'CodeIgniter\Session\Handlers\FileHandler' driver.
CRITICAL - 2024-03-17 03:12:53 --> Attempt to read property "foto" on null
in APPPATH\Modules\Users\Controllers\Users.php on line 207.
 1 APPPATH\Modules\Users\Controllers\Users.php(207): CodeIgniter\Debug\Exceptions->errorHandler(2, 'Attempt to read property "foto" on null', 'C:\\laragon\\www\\development\\laundry\\app\\Modules\\Users\\Controllers\\Users.php', 207)
 2 SYSTEMPATH\CodeIgniter.php(932): App\Modules\Users\Controllers\Users->delete2()
 3 SYSTEMPATH\CodeIgniter.php(497): CodeIgniter\CodeIgniter->runController(Object(App\Modules\Users\Controllers\Users))
 4 SYSTEMPATH\CodeIgniter.php(366): CodeIgniter\CodeIgniter->handleRequest(null, Object(Config\Cache), false)
 5 FCPATH\index.php(67): CodeIgniter\CodeIgniter->run()
 6 SYSTEMPATH\Commands\Server\rewrite.php(47): require_once('C:\\laragon\\www\\development\\laundry\\public\\index.php')
INFO - 2024-03-17 03:19:22 --> Session: Class initialized using 'CodeIgniter\Session\Handlers\FileHandler' driver.
CRITICAL - 2024-03-17 03:19:30 --> Attempt to read property "foto" on null
in APPPATH\Modules\Users\Controllers\Users.php on line 207.
 1 APPPATH\Modules\Users\Controllers\Users.php(207): CodeIgniter\Debug\Exceptions->errorHandler(2, 'Attempt to read property "foto" on null', 'C:\\laragon\\www\\development\\laundry\\app\\Modules\\Users\\Controllers\\Users.php', 207)
 2 SYSTEMPATH\CodeIgniter.php(932): App\Modules\Users\Controllers\Users->delete2()
 3 SYSTEMPATH\CodeIgniter.php(497): CodeIgniter\CodeIgniter->runController(Object(App\Modules\Users\Controllers\Users))
 4 SYSTEMPATH\CodeIgniter.php(366): CodeIgniter\CodeIgniter->handleRequest(null, Object(Config\Cache), false)
 5 FCPATH\index.php(67): CodeIgniter\CodeIgniter->run()
 6 SYSTEMPATH\Commands\Server\rewrite.php(47): require_once('C:\\laragon\\www\\development\\laundry\\public\\index.php')
CRITICAL - 2024-03-17 03:19:35 --> Attempt to read property "foto" on null
in APPPATH\Modules\Users\Controllers\Users.php on line 207.
 1 APPPATH\Modules\Users\Controllers\Users.php(207): CodeIgniter\Debug\Exceptions->errorHandler(2, 'Attempt to read property "foto" on null', 'C:\\laragon\\www\\development\\laundry\\app\\Modules\\Users\\Controllers\\Users.php', 207)
 2 SYSTEMPATH\CodeIgniter.php(932): App\Modules\Users\Controllers\Users->delete2()
 3 SYSTEMPATH\CodeIgniter.php(497): CodeIgniter\CodeIgniter->runController(Object(App\Modules\Users\Controllers\Users))
 4 SYSTEMPATH\CodeIgniter.php(366): CodeIgniter\CodeIgniter->handleRequest(null, Object(Config\Cache), false)
 5 FCPATH\index.php(67): CodeIgniter\CodeIgniter->run()
 6 SYSTEMPATH\Commands\Server\rewrite.php(47): require_once('C:\\laragon\\www\\development\\laundry\\public\\index.php')
INFO - 2024-03-17 03:20:16 --> Session: Class initialized using 'CodeIgniter\Session\Handlers\FileHandler' driver.
CRITICAL - 2024-03-17 03:20:23 --> Attempt to read property "foto" on null
in APPPATH\Modules\Users\Controllers\Users.php on line 207.
 1 APPPATH\Modules\Users\Controllers\Users.php(207): CodeIgniter\Debug\Exceptions->errorHandler(2, 'Attempt to read property "foto" on null', 'C:\\laragon\\www\\development\\laundry\\app\\Modules\\Users\\Controllers\\Users.php', 207)
 2 SYSTEMPATH\CodeIgniter.php(932): App\Modules\Users\Controllers\Users->delete2()
 3 SYSTEMPATH\CodeIgniter.php(497): CodeIgniter\CodeIgniter->runController(Object(App\Modules\Users\Controllers\Users))
 4 SYSTEMPATH\CodeIgniter.php(366): CodeIgniter\CodeIgniter->handleRequest(null, Object(Config\Cache), false)
 5 FCPATH\index.php(67): CodeIgniter\CodeIgniter->run()
 6 SYSTEMPATH\Commands\Server\rewrite.php(47): require_once('C:\\laragon\\www\\development\\laundry\\public\\index.php')
INFO - 2024-03-17 03:25:14 --> Session: Class initialized using 'CodeIgniter\Session\Handlers\FileHandler' driver.
CRITICAL - 2024-03-17 03:25:22 --> Attempt to read property "foto" on null
in APPPATH\Modules\Users\Controllers\Users.php on line 207.
 1 APPPATH\Modules\Users\Controllers\Users.php(207): CodeIgniter\Debug\Exceptions->errorHandler(2, 'Attempt to read property "foto" on null', 'C:\\laragon\\www\\development\\laundry\\app\\Modules\\Users\\Controllers\\Users.php', 207)
 2 SYSTEMPATH\CodeIgniter.php(932): App\Modules\Users\Controllers\Users->delete2()
 3 SYSTEMPATH\CodeIgniter.php(497): CodeIgniter\CodeIgniter->runController(Object(App\Modules\Users\Controllers\Users))
 4 SYSTEMPATH\CodeIgniter.php(366): CodeIgniter\CodeIgniter->handleRequest(null, Object(Config\Cache), false)
 5 FCPATH\index.php(67): CodeIgniter\CodeIgniter->run()
 6 SYSTEMPATH\Commands\Server\rewrite.php(47): require_once('C:\\laragon\\www\\development\\laundry\\public\\index.php')
INFO - 2024-03-17 03:26:11 --> Session: Class initialized using 'CodeIgniter\Session\Handlers\FileHandler' driver.
CRITICAL - 2024-03-17 03:26:18 --> Attempt to read property "foto" on null
in APPPATH\Modules\Users\Controllers\Users.php on line 207.
 1 APPPATH\Modules\Users\Controllers\Users.php(207): CodeIgniter\Debug\Exceptions->errorHandler(2, 'Attempt to read property "foto" on null', 'C:\\laragon\\www\\development\\laundry\\app\\Modules\\Users\\Controllers\\Users.php', 207)
 2 SYSTEMPATH\CodeIgniter.php(932): App\Modules\Users\Controllers\Users->delete2()
 3 SYSTEMPATH\CodeIgniter.php(497): CodeIgniter\CodeIgniter->runController(Object(App\Modules\Users\Controllers\Users))
 4 SYSTEMPATH\CodeIgniter.php(366): CodeIgniter\CodeIgniter->handleRequest(null, Object(Config\Cache), false)
 5 FCPATH\index.php(67): CodeIgniter\CodeIgniter->run()
 6 SYSTEMPATH\Commands\Server\rewrite.php(47): require_once('C:\\laragon\\www\\development\\laundry\\public\\index.php')
CRITICAL - 2024-03-17 03:26:24 --> Attempt to read property "foto" on null
in APPPATH\Modules\Users\Controllers\Users.php on line 207.
 1 APPPATH\Modules\Users\Controllers\Users.php(207): CodeIgniter\Debug\Exceptions->errorHandler(2, 'Attempt to read property "foto" on null', 'C:\\laragon\\www\\development\\laundry\\app\\Modules\\Users\\Controllers\\Users.php', 207)
 2 SYSTEMPATH\CodeIgniter.php(932): App\Modules\Users\Controllers\Users->delete2()
 3 SYSTEMPATH\CodeIgniter.php(497): CodeIgniter\CodeIgniter->runController(Object(App\Modules\Users\Controllers\Users))
 4 SYSTEMPATH\CodeIgniter.php(366): CodeIgniter\CodeIgniter->handleRequest(null, Object(Config\Cache), false)
 5 FCPATH\index.php(67): CodeIgniter\CodeIgniter->run()
 6 SYSTEMPATH\Commands\Server\rewrite.php(47): require_once('C:\\laragon\\www\\development\\laundry\\public\\index.php')
INFO - 2024-03-17 03:27:57 --> Session: Class initialized using 'CodeIgniter\Session\Handlers\FileHandler' driver.
CRITICAL - 2024-03-17 03:28:03 --> Attempt to read property "foto" on null
in APPPATH\Modules\Users\Controllers\Users.php on line 207.
 1 APPPATH\Modules\Users\Controllers\Users.php(207): CodeIgniter\Debug\Exceptions->errorHandler(2, 'Attempt to read property "foto" on null', 'C:\\laragon\\www\\development\\laundry\\app\\Modules\\Users\\Controllers\\Users.php', 207)
 2 SYSTEMPATH\CodeIgniter.php(932): App\Modules\Users\Controllers\Users->delete2()
 3 SYSTEMPATH\CodeIgniter.php(497): CodeIgniter\CodeIgniter->runController(Object(App\Modules\Users\Controllers\Users))
 4 SYSTEMPATH\CodeIgniter.php(366): CodeIgniter\CodeIgniter->handleRequest(null, Object(Config\Cache), false)
 5 FCPATH\index.php(67): CodeIgniter\CodeIgniter->run()
 6 SYSTEMPATH\Commands\Server\rewrite.php(47): require_once('C:\\laragon\\www\\development\\laundry\\public\\index.php')
INFO - 2024-03-17 03:37:13 --> Session: Class initialized using 'CodeIgniter\Session\Handlers\FileHandler' driver.
INFO - 2024-03-17 03:37:35 --> Session: Class initialized using 'CodeIgniter\Session\Handlers\FileHandler' driver.
INFO - 2024-03-17 03:41:28 --> Session: Class initialized using 'CodeIgniter\Session\Handlers\FileHandler' driver.
CRITICAL - 2024-03-17 03:41:35 --> Object of class App\Modules\Users\Models\UserModel could not be converted to string
in APPPATH\Modules\Users\Controllers\Users.php on line 205.
 1 SYSTEMPATH\CodeIgniter.php(932): App\Modules\Users\Controllers\Users->delete2('1')
 2 SYSTEMPATH\CodeIgniter.php(497): CodeIgniter\CodeIgniter->runController(Object(App\Modules\Users\Controllers\Users))
 3 SYSTEMPATH\CodeIgniter.php(366): CodeIgniter\CodeIgniter->handleRequest(null, Object(Config\Cache), false)
 4 FCPATH\index.php(67): CodeIgniter\CodeIgniter->run()
 5 SYSTEMPATH\Commands\Server\rewrite.php(47): require_once('C:\\laragon\\www\\development\\laundry\\public\\index.php')
INFO - 2024-03-17 03:41:56 --> Session: Class initialized using 'CodeIgniter\Session\Handlers\FileHandler' driver.
CRITICAL - 2024-03-17 03:42:01 --> Object of class App\Modules\Users\Models\UserModel could not be converted to string
in APPPATH\Modules\Users\Controllers\Users.php on line 205.
 1 SYSTEMPATH\CodeIgniter.php(932): App\Modules\Users\Controllers\Users->delete2('1')
 2 SYSTEMPATH\CodeIgniter.php(497): CodeIgniter\CodeIgniter->runController(Object(App\Modules\Users\Controllers\Users))
 3 SYSTEMPATH\CodeIgniter.php(366): CodeIgniter\CodeIgniter->handleRequest(null, Object(Config\Cache), false)
 4 FCPATH\index.php(67): CodeIgniter\CodeIgniter->run()
 5 SYSTEMPATH\Commands\Server\rewrite.php(47): require_once('C:\\laragon\\www\\development\\laundry\\public\\index.php')
INFO - 2024-03-17 03:42:36 --> Session: Class initialized using 'CodeIgniter\Session\Handlers\FileHandler' driver.
CRITICAL - 2024-03-17 03:42:41 --> unlink(C:\laragon\www\development\laundry\writable\../public/img/upload/): Is a directory
in APPPATH\Modules\Users\Controllers\Users.php on line 205.
 1 [internal function]: CodeIgniter\Debug\Exceptions->errorHandler(2, 'unlink(C:\\laragon\\www\\development\\laundry\\writable\\../public/img/upload/): Is a directory', 'C:\\laragon\\www\\development\\laundry\\app\\Modules\\Users\\Controllers\\Users.php', 205)
 2 APPPATH\Modules\Users\Controllers\Users.php(205): unlink('C:\\laragon\\www\\development\\laundry\\writable\\../public/img/upload/')
 3 SYSTEMPATH\CodeIgniter.php(932): App\Modules\Users\Controllers\Users->delete2('1')
 4 SYSTEMPATH\CodeIgniter.php(497): CodeIgniter\CodeIgniter->runController(Object(App\Modules\Users\Controllers\Users))
 5 SYSTEMPATH\CodeIgniter.php(366): CodeIgniter\CodeIgniter->handleRequest(null, Object(Config\Cache), false)
 6 FCPATH\index.php(67): CodeIgniter\CodeIgniter->run()
 7 SYSTEMPATH\Commands\Server\rewrite.php(47): require_once('C:\\laragon\\www\\development\\laundry\\public\\index.php')
INFO - 2024-03-17 03:44:54 --> Session: Class initialized using 'CodeIgniter\Session\Handlers\FileHandler' driver.
CRITICAL - 2024-03-17 03:44:59 --> Object of class App\Modules\Users\Models\UserModel could not be converted to string
in APPPATH\Modules\Users\Controllers\Users.php on line 205.
 1 SYSTEMPATH\CodeIgniter.php(932): App\Modules\Users\Controllers\Users->delete2('1')
 2 SYSTEMPATH\CodeIgniter.php(497): CodeIgniter\CodeIgniter->runController(Object(App\Modules\Users\Controllers\Users))
 3 SYSTEMPATH\CodeIgniter.php(366): CodeIgniter\CodeIgniter->handleRequest(null, Object(Config\Cache), false)
 4 FCPATH\index.php(67): CodeIgniter\CodeIgniter->run()
 5 SYSTEMPATH\Commands\Server\rewrite.php(47): require_once('C:\\laragon\\www\\development\\laundry\\public\\index.php')
INFO - 2024-03-17 03:47:15 --> Session: Class initialized using 'CodeIgniter\Session\Handlers\FileHandler' driver.
INFO - 2024-03-17 03:47:20 --> Session: Class initialized using 'CodeIgniter\Session\Handlers\FileHandler' driver.
CRITICAL - 2024-03-17 03:47:25 --> unlink(C:\laragon\www\development\laundry\writable\../public/img/upload): Is a directory
in APPPATH\Modules\Users\Controllers\Users.php on line 205.
 1 [internal function]: CodeIgniter\Debug\Exceptions->errorHandler(2, 'unlink(C:\\laragon\\www\\development\\laundry\\writable\\../public/img/upload): Is a directory', 'C:\\laragon\\www\\development\\laundry\\app\\Modules\\Users\\Controllers\\Users.php', 205)
 2 APPPATH\Modules\Users\Controllers\Users.php(205): unlink('C:\\laragon\\www\\development\\laundry\\writable\\../public/img/upload')
 3 SYSTEMPATH\CodeIgniter.php(932): App\Modules\Users\Controllers\Users->delete2('1')
 4 SYSTEMPATH\CodeIgniter.php(497): CodeIgniter\CodeIgniter->runController(Object(App\Modules\Users\Controllers\Users))
 5 SYSTEMPATH\CodeIgniter.php(366): CodeIgniter\CodeIgniter->handleRequest(null, Object(Config\Cache), false)
 6 FCPATH\index.php(67): CodeIgniter\CodeIgniter->run()
 7 SYSTEMPATH\Commands\Server\rewrite.php(47): require_once('C:\\laragon\\www\\development\\laundry\\public\\index.php')
INFO - 2024-03-17 03:51:09 --> Session: Class initialized using 'CodeIgniter\Session\Handlers\FileHandler' driver.
CRITICAL - 2024-03-17 03:51:15 --> Attempt to read property "foto" on null
in APPPATH\Modules\Users\Controllers\Users.php on line 206.
 1 APPPATH\Modules\Users\Controllers\Users.php(206): CodeIgniter\Debug\Exceptions->errorHandler(2, 'Attempt to read property "foto" on null', 'C:\\laragon\\www\\development\\laundry\\app\\Modules\\Users\\Controllers\\Users.php', 206)
 2 SYSTEMPATH\CodeIgniter.php(932): App\Modules\Users\Controllers\Users->delete2('1')
 3 SYSTEMPATH\CodeIgniter.php(497): CodeIgniter\CodeIgniter->runController(Object(App\Modules\Users\Controllers\Users))
 4 SYSTEMPATH\CodeIgniter.php(366): CodeIgniter\CodeIgniter->handleRequest(null, Object(Config\Cache), false)
 5 FCPATH\index.php(67): CodeIgniter\CodeIgniter->run()
 6 SYSTEMPATH\Commands\Server\rewrite.php(47): require_once('C:\\laragon\\www\\development\\laundry\\public\\index.php')
INFO - 2024-03-17 03:51:33 --> Session: Class initialized using 'CodeIgniter\Session\Handlers\FileHandler' driver.
CRITICAL - 2024-03-17 03:51:37 --> Attempt to read property "foto" on null
in APPPATH\Modules\Users\Controllers\Users.php on line 208.
 1 APPPATH\Modules\Users\Controllers\Users.php(208): CodeIgniter\Debug\Exceptions->errorHandler(2, 'Attempt to read property "foto" on null', 'C:\\laragon\\www\\development\\laundry\\app\\Modules\\Users\\Controllers\\Users.php', 208)
 2 SYSTEMPATH\CodeIgniter.php(932): App\Modules\Users\Controllers\Users->delete2('1')
 3 SYSTEMPATH\CodeIgniter.php(497): CodeIgniter\CodeIgniter->runController(Object(App\Modules\Users\Controllers\Users))
 4 SYSTEMPATH\CodeIgniter.php(366): CodeIgniter\CodeIgniter->handleRequest(null, Object(Config\Cache), false)
 5 FCPATH\index.php(67): CodeIgniter\CodeIgniter->run()
 6 SYSTEMPATH\Commands\Server\rewrite.php(47): require_once('C:\\laragon\\www\\development\\laundry\\public\\index.php')
INFO - 2024-03-17 03:51:41 --> Session: Class initialized using 'CodeIgniter\Session\Handlers\FileHandler' driver.
INFO - 2024-03-17 03:52:29 --> Session: Class initialized using 'CodeIgniter\Session\Handlers\FileHandler' driver.
INFO - 2024-03-17 03:52:47 --> Session: Class initialized using 'CodeIgniter\Session\Handlers\FileHandler' driver.
INFO - 2024-03-17 03:52:54 --> Session: Class initialized using 'CodeIgniter\Session\Handlers\FileHandler' driver.
INFO - 2024-03-17 03:53:21 --> Session: Class initialized using 'CodeIgniter\Session\Handlers\FileHandler' driver.
INFO - 2024-03-17 03:53:21 --> Session: Class initialized using 'CodeIgniter\Session\Handlers\FileHandler' driver.
INFO - 2024-03-17 03:53:31 --> Session: Class initialized using 'CodeIgniter\Session\Handlers\FileHandler' driver.
INFO - 2024-03-17 03:53:35 --> Session: Class initialized using 'CodeIgniter\Session\Handlers\FileHandler' driver.
INFO - 2024-03-17 03:53:40 --> Session: Class initialized using 'CodeIgniter\Session\Handlers\FileHandler' driver.
INFO - 2024-03-17 03:53:40 --> Session: Class initialized using 'CodeIgniter\Session\Handlers\FileHandler' driver.
INFO - 2024-03-17 03:53:45 --> Session: Class initialized using 'CodeIgniter\Session\Handlers\FileHandler' driver.
INFO - 2024-03-17 04:18:45 --> Session: Class initialized using 'CodeIgniter\Session\Handlers\FileHandler' driver.
INFO - 2024-03-17 04:18:51 --> Session: Class initialized using 'CodeIgniter\Session\Handlers\FileHandler' driver.
INFO - 2024-03-17 04:19:46 --> Session: Class initialized using 'CodeIgniter\Session\Handlers\FileHandler' driver.
INFO - 2024-03-17 04:27:20 --> Session: Class initialized using 'CodeIgniter\Session\Handlers\FileHandler' driver.
INFO - 2024-03-17 04:27:41 --> Session: Class initialized using 'CodeIgniter\Session\Handlers\FileHandler' driver.
INFO - 2024-03-17 04:27:52 --> Session: Class initialized using 'CodeIgniter\Session\Handlers\FileHandler' driver.
INFO - 2024-03-17 04:28:46 --> Session: Class initialized using 'CodeIgniter\Session\Handlers\FileHandler' driver.
INFO - 2024-03-17 04:30:51 --> Session: Class initialized using 'CodeIgniter\Session\Handlers\FileHandler' driver.
INFO - 2024-03-17 04:32:30 --> Session: Class initialized using 'CodeIgniter\Session\Handlers\FileHandler' driver.
INFO - 2024-03-17 04:35:05 --> Session: Class initialized using 'CodeIgniter\Session\Handlers\FileHandler' driver.
INFO - 2024-03-17 04:37:21 --> Session: Class initialized using 'CodeIgniter\Session\Handlers\FileHandler' driver.
INFO - 2024-03-17 04:38:01 --> Session: Class initialized using 'CodeIgniter\Session\Handlers\FileHandler' driver.
INFO - 2024-03-17 04:46:51 --> Session: Class initialized using 'CodeIgniter\Session\Handlers\FileHandler' driver.
INFO - 2024-03-17 04:47:26 --> Session: Class initialized using 'CodeIgniter\Session\Handlers\FileHandler' driver.
INFO - 2024-03-17 04:47:27 --> Session: Class initialized using 'CodeIgniter\Session\Handlers\FileHandler' driver.
INFO - 2024-03-17 04:48:16 --> Session: Class initialized using 'CodeIgniter\Session\Handlers\FileHandler' driver.
CRITICAL - 2024-03-17 04:48:16 --> number_format(): Argument #2 ($decimals) must be of type int, string given
in APPPATH\Modules\Pengeluaran\Views\index.php on line 50.
 1 APPPATH\Modules\Pengeluaran\Views\index.php(50): number_format('2000000', '.', ',')
 2 SYSTEMPATH\View\View.php(226): include('C:\\laragon\\www\\development\\laundry\\app\\Modules\\Pengeluaran\\Views\\index.php')
 3 SYSTEMPATH\View\View.php(229): CodeIgniter\View\View->CodeIgniter\View\{closure}()
 4 SYSTEMPATH\Common.php(1174): CodeIgniter\View\View->render('App\\Modules\\Pengeluaran\\Views\\index', [], true)
 5 APPPATH\Modules\Pengeluaran\Controllers\Pengeluaran.php(28): view('App\\Modules\\Pengeluaran\\Views\\index')
 6 SYSTEMPATH\CodeIgniter.php(932): App\Modules\Pengeluaran\Controllers\Pengeluaran->index()
 7 SYSTEMPATH\CodeIgniter.php(497): CodeIgniter\CodeIgniter->runController(Object(App\Modules\Pengeluaran\Controllers\Pengeluaran))
 8 SYSTEMPATH\CodeIgniter.php(366): CodeIgniter\CodeIgniter->handleRequest(null, Object(Config\Cache), false)
 9 FCPATH\index.php(67): CodeIgniter\CodeIgniter->run()
10 SYSTEMPATH\Commands\Server\rewrite.php(47): require_once('C:\\laragon\\www\\development\\laundry\\public\\index.php')
INFO - 2024-03-17 04:48:30 --> Session: Class initialized using 'CodeIgniter\Session\Handlers\FileHandler' driver.
CRITICAL - 2024-03-17 04:48:30 --> number_format(): Argument #2 ($decimals) must be of type int, string given
in APPPATH\Modules\Pengeluaran\Views\index.php on line 50.
 1 APPPATH\Modules\Pengeluaran\Views\index.php(50): number_format('2000000', '.', ',')
 2 SYSTEMPATH\View\View.php(226): include('C:\\laragon\\www\\development\\laundry\\app\\Modules\\Pengeluaran\\Views\\index.php')
 3 SYSTEMPATH\View\View.php(229): CodeIgniter\View\View->CodeIgniter\View\{closure}()
 4 SYSTEMPATH\Common.php(1174): CodeIgniter\View\View->render('App\\Modules\\Pengeluaran\\Views\\index', [], true)
 5 APPPATH\Modules\Pengeluaran\Controllers\Pengeluaran.php(28): view('App\\Modules\\Pengeluaran\\Views\\index')
 6 SYSTEMPATH\CodeIgniter.php(932): App\Modules\Pengeluaran\Controllers\Pengeluaran->index()
 7 SYSTEMPATH\CodeIgniter.php(497): CodeIgniter\CodeIgniter->runController(Object(App\Modules\Pengeluaran\Controllers\Pengeluaran))
 8 SYSTEMPATH\CodeIgniter.php(366): CodeIgniter\CodeIgniter->handleRequest(null, Object(Config\Cache), false)
 9 FCPATH\index.php(67): CodeIgniter\CodeIgniter->run()
10 SYSTEMPATH\Commands\Server\rewrite.php(47): require_once('C:\\laragon\\www\\development\\laundry\\public\\index.php')
INFO - 2024-03-17 04:49:46 --> Session: Class initialized using 'CodeIgniter\Session\Handlers\FileHandler' driver.
INFO - 2024-03-17 04:52:16 --> Session: Class initialized using 'CodeIgniter\Session\Handlers\FileHandler' driver.
INFO - 2024-03-17 04:52:35 --> Session: Class initialized using 'CodeIgniter\Session\Handlers\FileHandler' driver.
INFO - 2024-03-17 04:52:59 --> Session: Class initialized using 'CodeIgniter\Session\Handlers\FileHandler' driver.
INFO - 2024-03-17 04:53:18 --> Session: Class initialized using 'CodeIgniter\Session\Handlers\FileHandler' driver.
INFO - 2024-03-17 04:55:38 --> Session: Class initialized using 'CodeIgniter\Session\Handlers\FileHandler' driver.
INFO - 2024-03-17 04:56:17 --> Session: Class initialized using 'CodeIgniter\Session\Handlers\FileHandler' driver.
INFO - 2024-03-17 04:57:10 --> Session: Class initialized using 'CodeIgniter\Session\Handlers\FileHandler' driver.
INFO - 2024-03-17 04:57:30 --> Session: Class initialized using 'CodeIgniter\Session\Handlers\FileHandler' driver.
INFO - 2024-03-17 04:58:25 --> Session: Class initialized using 'CodeIgniter\Session\Handlers\FileHandler' driver.
INFO - 2024-03-17 04:58:42 --> Session: Class initialized using 'CodeIgniter\Session\Handlers\FileHandler' driver.
INFO - 2024-03-17 04:59:12 --> Session: Class initialized using 'CodeIgniter\Session\Handlers\FileHandler' driver.
INFO - 2024-03-17 04:59:32 --> Session: Class initialized using 'CodeIgniter\Session\Handlers\FileHandler' driver.
INFO - 2024-03-17 04:59:49 --> Session: Class initialized using 'CodeIgniter\Session\Handlers\FileHandler' driver.
INFO - 2024-03-17 05:00:09 --> Session: Class initialized using 'CodeIgniter\Session\Handlers\FileHandler' driver.
CRITICAL - 2024-03-17 05:01:18 --> Undefined variable $data_jenis
in APPPATH\Modules\Pengeluaran\Views\edit.php on line 20.
 1 APPPATH\Modules\Pengeluaran\Views\edit.php(20): CodeIgniter\Debug\Exceptions->errorHandler(2, 'Undefined variable $data_jenis', 'C:\\laragon\\www\\development\\laundry\\app\\Modules\\Pengeluaran\\Views\\edit.php', 20)
 2 SYSTEMPATH\View\View.php(226): include('C:\\laragon\\www\\development\\laundry\\app\\Modules\\Pengeluaran\\Views\\edit.php')
 3 SYSTEMPATH\View\View.php(229): CodeIgniter\View\View->CodeIgniter\View\{closure}()
 4 SYSTEMPATH\Common.php(1174): CodeIgniter\View\View->render('App\\Modules\\Pengeluaran\\Views\\edit', [], true)
 5 APPPATH\Modules\Pengeluaran\Controllers\Pengeluaran.php(93): view('App\\Modules\\Pengeluaran\\Views\\edit', [...])
 6 SYSTEMPATH\CodeIgniter.php(932): App\Modules\Pengeluaran\Controllers\Pengeluaran->edit('1')
 7 SYSTEMPATH\CodeIgniter.php(497): CodeIgniter\CodeIgniter->runController(Object(App\Modules\Pengeluaran\Controllers\Pengeluaran))
 8 SYSTEMPATH\CodeIgniter.php(366): CodeIgniter\CodeIgniter->handleRequest(null, Object(Config\Cache), false)
 9 FCPATH\index.php(67): CodeIgniter\CodeIgniter->run()
10 SYSTEMPATH\Commands\Server\rewrite.php(47): require_once('C:\\laragon\\www\\development\\laundry\\public\\index.php')
INFO - 2024-03-17 05:03:54 --> Session: Class initialized using 'CodeIgniter\Session\Handlers\FileHandler' driver.
INFO - 2024-03-17 05:03:55 --> Session: Class initialized using 'CodeIgniter\Session\Handlers\FileHandler' driver.
INFO - 2024-03-17 05:04:11 --> Session: Class initialized using 'CodeIgniter\Session\Handlers\FileHandler' driver.
INFO - 2024-03-17 05:04:17 --> Session: Class initialized using 'CodeIgniter\Session\Handlers\FileHandler' driver.
CRITICAL - 2024-03-17 05:04:17 --> Undefined variable $data_jenis
in APPPATH\Modules\Pengeluaran\Views\trash.php on line 60.
 1 APPPATH\Modules\Pengeluaran\Views\trash.php(60): CodeIgniter\Debug\Exceptions->errorHandler(2, 'Undefined variable $data_jenis', 'C:\\laragon\\www\\development\\laundry\\app\\Modules\\Pengeluaran\\Views\\trash.php', 60)
 2 SYSTEMPATH\View\View.php(226): include('C:\\laragon\\www\\development\\laundry\\app\\Modules\\Pengeluaran\\Views\\trash.php')
 3 SYSTEMPATH\View\View.php(229): CodeIgniter\View\View->CodeIgniter\View\{closure}()
 4 SYSTEMPATH\Common.php(1174): CodeIgniter\View\View->render('App\\Modules\\Pengeluaran\\Views\\trash', [], true)
 5 APPPATH\Modules\Pengeluaran\Controllers\Pengeluaran.php(156): view('App\\Modules\\Pengeluaran\\Views\\trash', [...])
 6 SYSTEMPATH\CodeIgniter.php(932): App\Modules\Pengeluaran\Controllers\Pengeluaran->trash()
 7 SYSTEMPATH\CodeIgniter.php(497): CodeIgniter\CodeIgniter->runController(Object(App\Modules\Pengeluaran\Controllers\Pengeluaran))
 8 SYSTEMPATH\CodeIgniter.php(366): CodeIgniter\CodeIgniter->handleRequest(null, Object(Config\Cache), false)
 9 FCPATH\index.php(67): CodeIgniter\CodeIgniter->run()
10 SYSTEMPATH\Commands\Server\rewrite.php(47): require_once('C:\\laragon\\www\\development\\laundry\\public\\index.php')
INFO - 2024-03-17 05:05:40 --> Session: Class initialized using 'CodeIgniter\Session\Handlers\FileHandler' driver.
INFO - 2024-03-17 05:06:37 --> Session: Class initialized using 'CodeIgniter\Session\Handlers\FileHandler' driver.
INFO - 2024-03-17 05:06:44 --> Session: Class initialized using 'CodeIgniter\Session\Handlers\FileHandler' driver.
INFO - 2024-03-17 05:06:44 --> Session: Class initialized using 'CodeIgniter\Session\Handlers\FileHandler' driver.
INFO - 2024-03-17 05:06:55 --> Session: Class initialized using 'CodeIgniter\Session\Handlers\FileHandler' driver.
INFO - 2024-03-17 05:07:01 --> Session: Class initialized using 'CodeIgniter\Session\Handlers\FileHandler' driver.
INFO - 2024-03-17 05:07:09 --> Session: Class initialized using 'CodeIgniter\Session\Handlers\FileHandler' driver.
INFO - 2024-03-17 05:07:09 --> Session: Class initialized using 'CodeIgniter\Session\Handlers\FileHandler' driver.
INFO - 2024-03-17 05:07:47 --> Session: Class initialized using 'CodeIgniter\Session\Handlers\FileHandler' driver.
INFO - 2024-03-17 05:07:53 --> Session: Class initialized using 'CodeIgniter\Session\Handlers\FileHandler' driver.
INFO - 2024-03-17 05:07:59 --> Session: Class initialized using 'CodeIgniter\Session\Handlers\FileHandler' driver.
INFO - 2024-03-17 05:18:39 --> Session: Class initialized using 'CodeIgniter\Session\Handlers\FileHandler' driver.
INFO - 2024-03-17 05:18:46 --> Session: Class initialized using 'CodeIgniter\Session\Handlers\FileHandler' driver.
INFO - 2024-03-17 05:18:58 --> Session: Class initialized using 'CodeIgniter\Session\Handlers\FileHandler' driver.
INFO - 2024-03-17 05:19:10 --> Session: Class initialized using 'CodeIgniter\Session\Handlers\FileHandler' driver.
INFO - 2024-03-17 05:19:16 --> Session: Class initialized using 'CodeIgniter\Session\Handlers\FileHandler' driver.
