ERROR - 2024-03-14 14:09:03 --> mysqli_sql_exception: Unknown column 'jenis.deleted_at' in 'where clause' in C:\laragon\www\development\laundry\system\Database\MySQLi\Connection.php:295
Stack trace:
#0 C:\laragon\www\development\laundry\system\Database\MySQLi\Connection.php(295): mysqli->query('SELECT *\nFROM `...', 0)
#1 C:\laragon\www\development\laundry\system\Database\BaseConnection.php(692): CodeIgniter\Database\MySQLi\Connection->execute('SELECT *\nFROM `...')
#2 C:\laragon\www\development\laundry\system\Database\BaseConnection.php(606): CodeIgniter\Database\BaseConnection->simpleQuery('SELECT *\nFROM `...')
#3 C:\laragon\www\development\laundry\system\Database\BaseBuilder.php(1616): CodeIgniter\Database\BaseConnection->query('SELECT *\nFROM `...', Array, false)
#4 C:\laragon\www\development\laundry\system\Model.php(237): CodeIgniter\Database\BaseBuilder->get()
#5 C:\laragon\www\development\laundry\system\BaseModel.php(624): CodeIgniter\Model->doFindAll(0, 0)
#6 C:\laragon\www\development\laundry\app\Modules\Jenis\Controllers\Jenis.php(22): CodeIgniter\BaseModel->findAll()
#7 C:\laragon\www\development\laundry\system\CodeIgniter.php(932): App\Modules\Jenis\Controllers\Jenis->index()
#8 C:\laragon\www\development\laundry\system\CodeIgniter.php(497): CodeIgniter\CodeIgniter->runController(Object(App\Modules\Jenis\Controllers\Jenis))
#9 C:\laragon\www\development\laundry\system\CodeIgniter.php(366): CodeIgniter\CodeIgniter->handleRequest(NULL, Object(Config\Cache), false)
#10 C:\laragon\www\development\laundry\public\index.php(67): CodeIgniter\CodeIgniter->run()
#11 C:\laragon\www\development\laundry\system\Commands\Server\rewrite.php(47): require_once('C:\\laragon\\www\\...')
#12 {main}
CRITICAL - 2024-03-14 14:09:03 --> Unknown column 'jenis.deleted_at' in 'where clause'
in SYSTEMPATH\Database\MySQLi\Connection.php on line 295.
 1 SYSTEMPATH\Database\MySQLi\Connection.php(295): mysqli->query('SELECT *
FROM `jenis`
WHERE `jenis`.`deleted_at` IS NULL', 0)
 2 SYSTEMPATH\Database\BaseConnection.php(692): CodeIgniter\Database\MySQLi\Connection->execute('SELECT *
FROM `jenis`
WHERE `jenis`.`deleted_at` IS NULL')
 3 SYSTEMPATH\Database\BaseConnection.php(606): CodeIgniter\Database\BaseConnection->simpleQuery('SELECT *
FROM `jenis`
WHERE `jenis`.`deleted_at` IS NULL')
 4 SYSTEMPATH\Database\BaseBuilder.php(1616): CodeIgniter\Database\BaseConnection->query('SELECT *
FROM `jenis`
WHERE `jenis`.`deleted_at` IS NULL', [], false)
 5 SYSTEMPATH\Model.php(237): CodeIgniter\Database\BaseBuilder->get()
 6 SYSTEMPATH\BaseModel.php(624): CodeIgniter\Model->doFindAll(0, 0)
 7 APPPATH\Modules\Jenis\Controllers\Jenis.php(22): CodeIgniter\BaseModel->findAll()
 8 SYSTEMPATH\CodeIgniter.php(932): App\Modules\Jenis\Controllers\Jenis->index()
 9 SYSTEMPATH\CodeIgniter.php(497): CodeIgniter\CodeIgniter->runController(Object(App\Modules\Jenis\Controllers\Jenis))
10 SYSTEMPATH\CodeIgniter.php(366): CodeIgniter\CodeIgniter->handleRequest(null, Object(Config\Cache), false)
11 FCPATH\index.php(67): CodeIgniter\CodeIgniter->run()
12 SYSTEMPATH\Commands\Server\rewrite.php(47): require_once('C:\\laragon\\www\\development\\laundry\\public\\index.php')
CRITICAL - 2024-03-14 14:47:59 --> Undefined variable $validation
in APPPATH\Modules\Jenis\Views\new.php on line 25.
 1 APPPATH\Modules\Jenis\Views\new.php(25): CodeIgniter\Debug\Exceptions->errorHandler(2, 'Undefined variable $validation', 'C:\\laragon\\www\\development\\laundry\\app\\Modules\\Jenis\\Views\\new.php', 25)
 2 SYSTEMPATH\View\View.php(226): include('C:\\laragon\\www\\development\\laundry\\app\\Modules\\Jenis\\Views\\new.php')
 3 SYSTEMPATH\View\View.php(229): CodeIgniter\View\View->CodeIgniter\View\{closure}()
 4 SYSTEMPATH\Common.php(1174): CodeIgniter\View\View->render('App\\Modules\\Jenis\\Views\\new', [], true)
 5 APPPATH\Modules\Jenis\Controllers\Jenis.php(41): view('App\\Modules\\Jenis\\Views\\new')
 6 SYSTEMPATH\CodeIgniter.php(932): App\Modules\Jenis\Controllers\Jenis->new()
 7 SYSTEMPATH\CodeIgniter.php(497): CodeIgniter\CodeIgniter->runController(Object(App\Modules\Jenis\Controllers\Jenis))
 8 SYSTEMPATH\CodeIgniter.php(366): CodeIgniter\CodeIgniter->handleRequest(null, Object(Config\Cache), false)
 9 FCPATH\index.php(67): CodeIgniter\CodeIgniter->run()
10 SYSTEMPATH\Commands\Server\rewrite.php(47): require_once('C:\\laragon\\www\\development\\laundry\\public\\index.php')
INFO - 2024-03-14 15:01:16 --> Session: Class initialized using 'CodeIgniter\Session\Handlers\FileHandler' driver.
INFO - 2024-03-14 15:02:58 --> Session: Class initialized using 'CodeIgniter\Session\Handlers\FileHandler' driver.
ERROR - 2024-03-14 15:03:01 --> mysqli_sql_exception: Unknown column 'created_at' in 'field list' in C:\laragon\www\development\laundry\system\Database\MySQLi\Connection.php:295
Stack trace:
#0 C:\laragon\www\development\laundry\system\Database\MySQLi\Connection.php(295): mysqli->query('INSERT INTO `je...', 0)
#1 C:\laragon\www\development\laundry\system\Database\BaseConnection.php(692): CodeIgniter\Database\MySQLi\Connection->execute('INSERT INTO `je...')
#2 C:\laragon\www\development\laundry\system\Database\BaseConnection.php(606): CodeIgniter\Database\BaseConnection->simpleQuery('INSERT INTO `je...')
#3 C:\laragon\www\development\laundry\system\Database\BaseBuilder.php(2309): CodeIgniter\Database\BaseConnection->query('INSERT INTO `je...', Array, false)
#4 C:\laragon\www\development\laundry\system\Model.php(319): CodeIgniter\Database\BaseBuilder->insert()
#5 C:\laragon\www\development\laundry\system\BaseModel.php(788): CodeIgniter\Model->doInsert(Array)
#6 C:\laragon\www\development\laundry\system\Model.php(715): CodeIgniter\BaseModel->insert(Array, true)
#7 C:\laragon\www\development\laundry\app\Modules\Jenis\Controllers\Jenis.php(73): CodeIgniter\Model->insert(Array)
#8 C:\laragon\www\development\laundry\system\CodeIgniter.php(932): App\Modules\Jenis\Controllers\Jenis->create()
#9 C:\laragon\www\development\laundry\system\CodeIgniter.php(497): CodeIgniter\CodeIgniter->runController(Object(App\Modules\Jenis\Controllers\Jenis))
#10 C:\laragon\www\development\laundry\system\CodeIgniter.php(366): CodeIgniter\CodeIgniter->handleRequest(NULL, Object(Config\Cache), false)
#11 C:\laragon\www\development\laundry\public\index.php(67): CodeIgniter\CodeIgniter->run()
#12 C:\laragon\www\development\laundry\system\Commands\Server\rewrite.php(47): require_once('C:\\laragon\\www\\...')
#13 {main}
CRITICAL - 2024-03-14 15:03:01 --> Unknown column 'created_at' in 'field list'
in SYSTEMPATH\Database\MySQLi\Connection.php on line 295.
 1 SYSTEMPATH\Database\MySQLi\Connection.php(295): mysqli->query('INSERT INTO `jenis` (`jenis_laundry`, `lama_proses`, `tarif`, `created_at`, `updated_at`) VALUES (\'Baju\', \'3\', \'3000\', \'2024-03-14 15:03:01\', \'2024-03-14 15:03:01\')', 0)
 2 SYSTEMPATH\Database\BaseConnection.php(692): CodeIgniter\Database\MySQLi\Connection->execute('INSERT INTO `jenis` (`jenis_laundry`, `lama_proses`, `tarif`, `created_at`, `updated_at`) VALUES (\'Baju\', \'3\', \'3000\', \'2024-03-14 15:03:01\', \'2024-03-14 15:03:01\')')
 3 SYSTEMPATH\Database\BaseConnection.php(606): CodeIgniter\Database\BaseConnection->simpleQuery('INSERT INTO `jenis` (`jenis_laundry`, `lama_proses`, `tarif`, `created_at`, `updated_at`) VALUES (\'Baju\', \'3\', \'3000\', \'2024-03-14 15:03:01\', \'2024-03-14 15:03:01\')')
 4 SYSTEMPATH\Database\BaseBuilder.php(2309): CodeIgniter\Database\BaseConnection->query('INSERT INTO `jenis` (`jenis_laundry`, `lama_proses`, `tarif`, `created_at`, `updated_at`) VALUES (:jenis_laundry:, :lama_proses:, :tarif:, :created_at:, :updated_at:)', [...], false)
 5 SYSTEMPATH\Model.php(319): CodeIgniter\Database\BaseBuilder->insert()
 6 SYSTEMPATH\BaseModel.php(788): CodeIgniter\Model->doInsert([...])
 7 SYSTEMPATH\Model.php(715): CodeIgniter\BaseModel->insert([...], true)
 8 APPPATH\Modules\Jenis\Controllers\Jenis.php(73): CodeIgniter\Model->insert([...])
 9 SYSTEMPATH\CodeIgniter.php(932): App\Modules\Jenis\Controllers\Jenis->create()
10 SYSTEMPATH\CodeIgniter.php(497): CodeIgniter\CodeIgniter->runController(Object(App\Modules\Jenis\Controllers\Jenis))
11 SYSTEMPATH\CodeIgniter.php(366): CodeIgniter\CodeIgniter->handleRequest(null, Object(Config\Cache), false)
12 FCPATH\index.php(67): CodeIgniter\CodeIgniter->run()
13 SYSTEMPATH\Commands\Server\rewrite.php(47): require_once('C:\\laragon\\www\\development\\laundry\\public\\index.php')
ERROR - 2024-03-14 15:03:42 --> mysqli_sql_exception: Unknown column 'created_at' in 'field list' in C:\laragon\www\development\laundry\system\Database\MySQLi\Connection.php:295
Stack trace:
#0 C:\laragon\www\development\laundry\system\Database\MySQLi\Connection.php(295): mysqli->query('INSERT INTO `je...', 0)
#1 C:\laragon\www\development\laundry\system\Database\BaseConnection.php(692): CodeIgniter\Database\MySQLi\Connection->execute('INSERT INTO `je...')
#2 C:\laragon\www\development\laundry\system\Database\BaseConnection.php(606): CodeIgniter\Database\BaseConnection->simpleQuery('INSERT INTO `je...')
#3 C:\laragon\www\development\laundry\system\Database\BaseBuilder.php(2309): CodeIgniter\Database\BaseConnection->query('INSERT INTO `je...', Array, false)
#4 C:\laragon\www\development\laundry\system\Model.php(319): CodeIgniter\Database\BaseBuilder->insert()
#5 C:\laragon\www\development\laundry\system\BaseModel.php(788): CodeIgniter\Model->doInsert(Array)
#6 C:\laragon\www\development\laundry\system\Model.php(715): CodeIgniter\BaseModel->insert(Array, true)
#7 C:\laragon\www\development\laundry\app\Modules\Jenis\Controllers\Jenis.php(73): CodeIgniter\Model->insert(Array)
#8 C:\laragon\www\development\laundry\system\CodeIgniter.php(932): App\Modules\Jenis\Controllers\Jenis->create()
#9 C:\laragon\www\development\laundry\system\CodeIgniter.php(497): CodeIgniter\CodeIgniter->runController(Object(App\Modules\Jenis\Controllers\Jenis))
#10 C:\laragon\www\development\laundry\system\CodeIgniter.php(366): CodeIgniter\CodeIgniter->handleRequest(NULL, Object(Config\Cache), false)
#11 C:\laragon\www\development\laundry\public\index.php(67): CodeIgniter\CodeIgniter->run()
#12 C:\laragon\www\development\laundry\system\Commands\Server\rewrite.php(47): require_once('C:\\laragon\\www\\...')
#13 {main}
CRITICAL - 2024-03-14 15:03:42 --> Unknown column 'created_at' in 'field list'
in SYSTEMPATH\Database\MySQLi\Connection.php on line 295.
 1 SYSTEMPATH\Database\MySQLi\Connection.php(295): mysqli->query('INSERT INTO `jenis` (`jenis_laundry`, `lama_proses`, `tarif`, `created_at`, `updated_at`) VALUES (\'Baju\', \'3\', \'3000\', \'2024-03-14 15:03:42\', \'2024-03-14 15:03:42\')', 0)
 2 SYSTEMPATH\Database\BaseConnection.php(692): CodeIgniter\Database\MySQLi\Connection->execute('INSERT INTO `jenis` (`jenis_laundry`, `lama_proses`, `tarif`, `created_at`, `updated_at`) VALUES (\'Baju\', \'3\', \'3000\', \'2024-03-14 15:03:42\', \'2024-03-14 15:03:42\')')
 3 SYSTEMPATH\Database\BaseConnection.php(606): CodeIgniter\Database\BaseConnection->simpleQuery('INSERT INTO `jenis` (`jenis_laundry`, `lama_proses`, `tarif`, `created_at`, `updated_at`) VALUES (\'Baju\', \'3\', \'3000\', \'2024-03-14 15:03:42\', \'2024-03-14 15:03:42\')')
 4 SYSTEMPATH\Database\BaseBuilder.php(2309): CodeIgniter\Database\BaseConnection->query('INSERT INTO `jenis` (`jenis_laundry`, `lama_proses`, `tarif`, `created_at`, `updated_at`) VALUES (:jenis_laundry:, :lama_proses:, :tarif:, :created_at:, :updated_at:)', [...], false)
 5 SYSTEMPATH\Model.php(319): CodeIgniter\Database\BaseBuilder->insert()
 6 SYSTEMPATH\BaseModel.php(788): CodeIgniter\Model->doInsert([...])
 7 SYSTEMPATH\Model.php(715): CodeIgniter\BaseModel->insert([...], true)
 8 APPPATH\Modules\Jenis\Controllers\Jenis.php(73): CodeIgniter\Model->insert([...])
 9 SYSTEMPATH\CodeIgniter.php(932): App\Modules\Jenis\Controllers\Jenis->create()
10 SYSTEMPATH\CodeIgniter.php(497): CodeIgniter\CodeIgniter->runController(Object(App\Modules\Jenis\Controllers\Jenis))
11 SYSTEMPATH\CodeIgniter.php(366): CodeIgniter\CodeIgniter->handleRequest(null, Object(Config\Cache), false)
12 FCPATH\index.php(67): CodeIgniter\CodeIgniter->run()
13 SYSTEMPATH\Commands\Server\rewrite.php(47): require_once('C:\\laragon\\www\\development\\laundry\\public\\index.php')
INFO - 2024-03-14 15:05:34 --> Session: Class initialized using 'CodeIgniter\Session\Handlers\FileHandler' driver.
INFO - 2024-03-14 15:05:36 --> Session: Class initialized using 'CodeIgniter\Session\Handlers\FileHandler' driver.
INFO - 2024-03-14 15:05:46 --> Session: Class initialized using 'CodeIgniter\Session\Handlers\FileHandler' driver.
INFO - 2024-03-14 15:06:07 --> Session: Class initialized using 'CodeIgniter\Session\Handlers\FileHandler' driver.
INFO - 2024-03-14 15:06:50 --> Session: Class initialized using 'CodeIgniter\Session\Handlers\FileHandler' driver.
INFO - 2024-03-14 15:07:00 --> Session: Class initialized using 'CodeIgniter\Session\Handlers\FileHandler' driver.
INFO - 2024-03-14 15:07:10 --> Session: Class initialized using 'CodeIgniter\Session\Handlers\FileHandler' driver.
INFO - 2024-03-14 15:07:39 --> Session: Class initialized using 'CodeIgniter\Session\Handlers\FileHandler' driver.
INFO - 2024-03-14 15:07:48 --> Session: Class initialized using 'CodeIgniter\Session\Handlers\FileHandler' driver.
INFO - 2024-03-14 15:07:54 --> Session: Class initialized using 'CodeIgniter\Session\Handlers\FileHandler' driver.
INFO - 2024-03-14 15:08:16 --> Session: Class initialized using 'CodeIgniter\Session\Handlers\FileHandler' driver.
INFO - 2024-03-14 15:08:26 --> Session: Class initialized using 'CodeIgniter\Session\Handlers\FileHandler' driver.
INFO - 2024-03-14 15:08:31 --> Session: Class initialized using 'CodeIgniter\Session\Handlers\FileHandler' driver.
INFO - 2024-03-14 15:09:01 --> Session: Class initialized using 'CodeIgniter\Session\Handlers\FileHandler' driver.
INFO - 2024-03-14 15:09:10 --> Session: Class initialized using 'CodeIgniter\Session\Handlers\FileHandler' driver.
INFO - 2024-03-14 15:10:12 --> Session: Class initialized using 'CodeIgniter\Session\Handlers\FileHandler' driver.
INFO - 2024-03-14 15:10:15 --> Session: Class initialized using 'CodeIgniter\Session\Handlers\FileHandler' driver.
INFO - 2024-03-14 15:10:20 --> Session: Class initialized using 'CodeIgniter\Session\Handlers\FileHandler' driver.
INFO - 2024-03-14 15:10:31 --> Session: Class initialized using 'CodeIgniter\Session\Handlers\FileHandler' driver.
INFO - 2024-03-14 15:10:35 --> Session: Class initialized using 'CodeIgniter\Session\Handlers\FileHandler' driver.
INFO - 2024-03-14 15:11:07 --> Session: Class initialized using 'CodeIgniter\Session\Handlers\FileHandler' driver.
INFO - 2024-03-14 15:11:11 --> Session: Class initialized using 'CodeIgniter\Session\Handlers\FileHandler' driver.
INFO - 2024-03-14 15:12:44 --> Session: Class initialized using 'CodeIgniter\Session\Handlers\FileHandler' driver.
INFO - 2024-03-14 15:15:06 --> Session: Class initialized using 'CodeIgniter\Session\Handlers\FileHandler' driver.
INFO - 2024-03-14 15:15:10 --> Session: Class initialized using 'CodeIgniter\Session\Handlers\FileHandler' driver.
INFO - 2024-03-14 15:15:13 --> Session: Class initialized using 'CodeIgniter\Session\Handlers\FileHandler' driver.
INFO - 2024-03-14 15:15:17 --> Session: Class initialized using 'CodeIgniter\Session\Handlers\FileHandler' driver.
INFO - 2024-03-14 15:15:30 --> Session: Class initialized using 'CodeIgniter\Session\Handlers\FileHandler' driver.
INFO - 2024-03-14 15:18:00 --> Session: Class initialized using 'CodeIgniter\Session\Handlers\FileHandler' driver.
INFO - 2024-03-14 15:18:04 --> Session: Class initialized using 'CodeIgniter\Session\Handlers\FileHandler' driver.
INFO - 2024-03-14 15:18:08 --> Session: Class initialized using 'CodeIgniter\Session\Handlers\FileHandler' driver.
INFO - 2024-03-14 15:18:17 --> Session: Class initialized using 'CodeIgniter\Session\Handlers\FileHandler' driver.
INFO - 2024-03-14 15:18:20 --> Session: Class initialized using 'CodeIgniter\Session\Handlers\FileHandler' driver.
INFO - 2024-03-14 15:18:31 --> Session: Class initialized using 'CodeIgniter\Session\Handlers\FileHandler' driver.
INFO - 2024-03-14 15:18:34 --> Session: Class initialized using 'CodeIgniter\Session\Handlers\FileHandler' driver.
INFO - 2024-03-14 15:18:37 --> Session: Class initialized using 'CodeIgniter\Session\Handlers\FileHandler' driver.
INFO - 2024-03-14 15:19:14 --> Session: Class initialized using 'CodeIgniter\Session\Handlers\FileHandler' driver.
INFO - 2024-03-14 15:29:01 --> Session: Class initialized using 'CodeIgniter\Session\Handlers\FileHandler' driver.
INFO - 2024-03-14 15:29:14 --> Session: Class initialized using 'CodeIgniter\Session\Handlers\FileHandler' driver.
INFO - 2024-03-14 15:30:09 --> Session: Class initialized using 'CodeIgniter\Session\Handlers\FileHandler' driver.
INFO - 2024-03-14 15:30:36 --> Session: Class initialized using 'CodeIgniter\Session\Handlers\FileHandler' driver.
INFO - 2024-03-14 15:30:57 --> Session: Class initialized using 'CodeIgniter\Session\Handlers\FileHandler' driver.
INFO - 2024-03-14 15:31:25 --> Session: Class initialized using 'CodeIgniter\Session\Handlers\FileHandler' driver.
INFO - 2024-03-14 15:31:38 --> Session: Class initialized using 'CodeIgniter\Session\Handlers\FileHandler' driver.
INFO - 2024-03-14 15:32:49 --> Session: Class initialized using 'CodeIgniter\Session\Handlers\FileHandler' driver.
INFO - 2024-03-14 15:34:06 --> Session: Class initialized using 'CodeIgniter\Session\Handlers\FileHandler' driver.
INFO - 2024-03-14 15:34:17 --> Session: Class initialized using 'CodeIgniter\Session\Handlers\FileHandler' driver.
INFO - 2024-03-14 15:37:39 --> Session: Class initialized using 'CodeIgniter\Session\Handlers\FileHandler' driver.
INFO - 2024-03-14 15:37:53 --> Session: Class initialized using 'CodeIgniter\Session\Handlers\FileHandler' driver.
INFO - 2024-03-14 15:38:13 --> Session: Class initialized using 'CodeIgniter\Session\Handlers\FileHandler' driver.
INFO - 2024-03-14 15:39:23 --> Session: Class initialized using 'CodeIgniter\Session\Handlers\FileHandler' driver.
INFO - 2024-03-14 15:45:37 --> Session: Class initialized using 'CodeIgniter\Session\Handlers\FileHandler' driver.
INFO - 2024-03-14 15:48:06 --> Session: Class initialized using 'CodeIgniter\Session\Handlers\FileHandler' driver.
INFO - 2024-03-14 15:48:15 --> Session: Class initialized using 'CodeIgniter\Session\Handlers\FileHandler' driver.
INFO - 2024-03-14 15:48:16 --> Session: Class initialized using 'CodeIgniter\Session\Handlers\FileHandler' driver.
INFO - 2024-03-14 15:48:45 --> Session: Class initialized using 'CodeIgniter\Session\Handlers\FileHandler' driver.
INFO - 2024-03-14 15:48:46 --> Session: Class initialized using 'CodeIgniter\Session\Handlers\FileHandler' driver.
INFO - 2024-03-14 15:50:50 --> Session: Class initialized using 'CodeIgniter\Session\Handlers\FileHandler' driver.
INFO - 2024-03-14 15:52:50 --> Session: Class initialized using 'CodeIgniter\Session\Handlers\FileHandler' driver.
INFO - 2024-03-14 15:53:06 --> Session: Class initialized using 'CodeIgniter\Session\Handlers\FileHandler' driver.
INFO - 2024-03-14 16:48:09 --> Session: Class initialized using 'CodeIgniter\Session\Handlers\FileHandler' driver.
INFO - 2024-03-14 16:48:13 --> Session: Class initialized using 'CodeIgniter\Session\Handlers\FileHandler' driver.
CRITICAL - 2024-03-14 16:49:39 --> Invalid file: "jenis/edit.php"
in SYSTEMPATH\Exceptions\FrameworkException.php on line 39.
 1 SYSTEMPATH\View\View.php(214): CodeIgniter\Exceptions\FrameworkException::forInvalidFile('jenis/edit.php')
 2 SYSTEMPATH\Common.php(1174): CodeIgniter\View\View->render('jenis/edit', [], true)
 3 APPPATH\Modules\Jenis\Controllers\Jenis.php(85): view('jenis/edit', [...])
 4 SYSTEMPATH\CodeIgniter.php(932): App\Modules\Jenis\Controllers\Jenis->edit('1')
 5 SYSTEMPATH\CodeIgniter.php(497): CodeIgniter\CodeIgniter->runController(Object(App\Modules\Jenis\Controllers\Jenis))
 6 SYSTEMPATH\CodeIgniter.php(366): CodeIgniter\CodeIgniter->handleRequest(null, Object(Config\Cache), false)
 7 FCPATH\index.php(67): CodeIgniter\CodeIgniter->run()
 8 SYSTEMPATH\Commands\Server\rewrite.php(47): require_once('C:\\laragon\\www\\development\\laundry\\public\\index.php')
CRITICAL - 2024-03-14 16:50:32 --> Undefined variable $title
in APPPATH\Modules\Layouts\Views\header.php on line 7.
 1 APPPATH\Modules\Layouts\Views\header.php(7): CodeIgniter\Debug\Exceptions->errorHandler(2, 'Undefined variable $title', 'C:\\laragon\\www\\development\\laundry\\app\\Modules\\Layouts\\Views\\header.php', 7)
 2 SYSTEMPATH\View\View.php(226): include('C:\\laragon\\www\\development\\laundry\\app\\Modules\\Layouts\\Views\\header.php')
 3 SYSTEMPATH\View\View.php(229): CodeIgniter\View\View->CodeIgniter\View\{closure}()
 4 SYSTEMPATH\Common.php(1174): CodeIgniter\View\View->render('App\\Modules\\Layouts\\Views\\header', [], true)
 5 APPPATH\Modules\Jenis\Controllers\Jenis.php(85): view('App\\Modules\\Layouts\\Views\\header', [...])
 6 SYSTEMPATH\CodeIgniter.php(932): App\Modules\Jenis\Controllers\Jenis->edit('1')
 7 SYSTEMPATH\CodeIgniter.php(497): CodeIgniter\CodeIgniter->runController(Object(App\Modules\Jenis\Controllers\Jenis))
 8 SYSTEMPATH\CodeIgniter.php(366): CodeIgniter\CodeIgniter->handleRequest(null, Object(Config\Cache), false)
 9 FCPATH\index.php(67): CodeIgniter\CodeIgniter->run()
10 SYSTEMPATH\Commands\Server\rewrite.php(47): require_once('C:\\laragon\\www\\development\\laundry\\public\\index.php')
CRITICAL - 2024-03-14 16:51:14 --> syntax error, unexpected variable "$jenis"
in APPPATH\Modules\Jenis\Controllers\Jenis.php on line 85.
 1 SYSTEMPATH\Autoloader\Autoloader.php(291): CodeIgniter\Autoloader\Autoloader->includeFile('C:\\laragon\\www\\development\\laundry\\app\\Modules\\Jenis\\Controllers\\Jenis.php')
 2 SYSTEMPATH\Autoloader\Autoloader.php(269): CodeIgniter\Autoloader\Autoloader->loadInNamespace('App\\Modules\\Jenis\\Controllers\\Jenis')
 3 [internal function]: CodeIgniter\Autoloader\Autoloader->loadClass('App\\Modules\\Jenis\\Controllers\\Jenis')
 4 SYSTEMPATH\CodeIgniter.php(890): class_exists('\\App\\Modules\\Jenis\\Controllers\\Jenis', true)
 5 SYSTEMPATH\CodeIgniter.php(484): CodeIgniter\CodeIgniter->startController()
 6 SYSTEMPATH\CodeIgniter.php(366): CodeIgniter\CodeIgniter->handleRequest(null, Object(Config\Cache), false)
 7 FCPATH\index.php(67): CodeIgniter\CodeIgniter->run()
 8 SYSTEMPATH\Commands\Server\rewrite.php(47): require_once('C:\\laragon\\www\\development\\laundry\\public\\index.php')
CRITICAL - 2024-03-14 17:29:33 --> Undefined variable $title
in APPPATH\Modules\Layouts\Views\header.php on line 7.
 1 APPPATH\Modules\Layouts\Views\header.php(7): CodeIgniter\Debug\Exceptions->errorHandler(2, 'Undefined variable $title', 'C:\\laragon\\www\\development\\laundry\\app\\Modules\\Layouts\\Views\\header.php', 7)
 2 SYSTEMPATH\View\View.php(226): include('C:\\laragon\\www\\development\\laundry\\app\\Modules\\Layouts\\Views\\header.php')
 3 SYSTEMPATH\View\View.php(229): CodeIgniter\View\View->CodeIgniter\View\{closure}()
 4 SYSTEMPATH\Common.php(1174): CodeIgniter\View\View->render('App\\Modules\\Layouts\\Views\\header', [], true)
 5 APPPATH\Modules\Jenis\Controllers\Jenis.php(93): view('App\\Modules\\Layouts\\Views\\header', [...])
 6 SYSTEMPATH\CodeIgniter.php(932): App\Modules\Jenis\Controllers\Jenis->edit('1')
 7 SYSTEMPATH\CodeIgniter.php(497): CodeIgniter\CodeIgniter->runController(Object(App\Modules\Jenis\Controllers\Jenis))
 8 SYSTEMPATH\CodeIgniter.php(366): CodeIgniter\CodeIgniter->handleRequest(null, Object(Config\Cache), false)
 9 FCPATH\index.php(67): CodeIgniter\CodeIgniter->run()
10 SYSTEMPATH\Commands\Server\rewrite.php(47): require_once('C:\\laragon\\www\\development\\laundry\\public\\index.php')
INFO - 2024-03-14 17:41:25 --> Session: Class initialized using 'CodeIgniter\Session\Handlers\FileHandler' driver.
INFO - 2024-03-14 17:41:26 --> Session: Class initialized using 'CodeIgniter\Session\Handlers\FileHandler' driver.
INFO - 2024-03-14 17:45:55 --> Session: Class initialized using 'CodeIgniter\Session\Handlers\FileHandler' driver.
INFO - 2024-03-14 17:48:06 --> Session: Class initialized using 'CodeIgniter\Session\Handlers\FileHandler' driver.
INFO - 2024-03-14 17:48:22 --> Session: Class initialized using 'CodeIgniter\Session\Handlers\FileHandler' driver.
INFO - 2024-03-14 17:49:07 --> Session: Class initialized using 'CodeIgniter\Session\Handlers\FileHandler' driver.
INFO - 2024-03-14 17:49:16 --> Session: Class initialized using 'CodeIgniter\Session\Handlers\FileHandler' driver.
INFO - 2024-03-14 17:54:22 --> Session: Class initialized using 'CodeIgniter\Session\Handlers\FileHandler' driver.
CRITICAL - 2024-03-14 17:54:28 --> Undefined variable $title
in APPPATH\Modules\Layouts\Views\header.php on line 7.
 1 APPPATH\Modules\Layouts\Views\header.php(7): CodeIgniter\Debug\Exceptions->errorHandler(2, 'Undefined variable $title', 'C:\\laragon\\www\\development\\laundry\\app\\Modules\\Layouts\\Views\\header.php', 7)
 2 SYSTEMPATH\View\View.php(226): include('C:\\laragon\\www\\development\\laundry\\app\\Modules\\Layouts\\Views\\header.php')
 3 SYSTEMPATH\View\View.php(229): CodeIgniter\View\View->CodeIgniter\View\{closure}()
 4 SYSTEMPATH\Common.php(1174): CodeIgniter\View\View->render('App\\Modules\\Layouts\\Views\\header', [], true)
 5 APPPATH\Modules\Jenis\Controllers\Jenis.php(122): view('App\\Modules\\Layouts\\Views\\header', [...])
 6 SYSTEMPATH\CodeIgniter.php(932): App\Modules\Jenis\Controllers\Jenis->trash()
 7 SYSTEMPATH\CodeIgniter.php(497): CodeIgniter\CodeIgniter->runController(Object(App\Modules\Jenis\Controllers\Jenis))
 8 SYSTEMPATH\CodeIgniter.php(366): CodeIgniter\CodeIgniter->handleRequest(null, Object(Config\Cache), false)
 9 FCPATH\index.php(67): CodeIgniter\CodeIgniter->run()
10 SYSTEMPATH\Commands\Server\rewrite.php(47): require_once('C:\\laragon\\www\\development\\laundry\\public\\index.php')
INFO - 2024-03-14 17:55:15 --> Session: Class initialized using 'CodeIgniter\Session\Handlers\FileHandler' driver.
INFO - 2024-03-14 17:56:01 --> Session: Class initialized using 'CodeIgniter\Session\Handlers\FileHandler' driver.
INFO - 2024-03-14 17:57:00 --> Session: Class initialized using 'CodeIgniter\Session\Handlers\FileHandler' driver.
INFO - 2024-03-14 17:57:35 --> Session: Class initialized using 'CodeIgniter\Session\Handlers\FileHandler' driver.
INFO - 2024-03-14 17:57:46 --> Session: Class initialized using 'CodeIgniter\Session\Handlers\FileHandler' driver.
